<?xml version="1.0" encoding="UTF-8"?>
<testsuite name="BirdWatcherTest" tests="11" skipped="0" failures="0" errors="0" timestamp="2026-08-23T03:03:43.729Z" hostname="B-52-Stratofortress-6.local" time="0.024">
  <properties/>
  <testcase name="The getBusyDays method correctly returns zero in case of no busy days" classname="BirdWatcherTest" time="0.015"/>
  <testcase name="The hasDayWithoutBirds method returns false when no day had zero visits" classname="BirdWatcherTest" time="0.0"/>
  <testcase name="The getLastWeek method correctly returns last week's counts" classname="BirdWatcherTest" time="0.001"/>
  <testcase name="The incrementTodaysCount method adds one to getCountForFirstDays method" classname="BirdWatcherTest" time="0.001"/>
  <testcase name="The hasDayWithoutBirds method returns true when at least one day had no visits" classname="BirdWatcherTest" time="0.0"/>
  <testcase name="The getBusyDays method returns the correct count of busy days" classname="BirdWatcherTest" time="0.0"/>
  <testcase name="The getCountForFirstDays method returns correct visits' count for given number of days" classname="BirdWatcherTest" time="0.0"/>
  <testcase name="The getToday method correctly returns today's counts" classname="BirdWatcherTest" time="0.0"/>
  <testcase name="The incrementTodaysCount method correctly increments today's counts" classname="BirdWatcherTest" time="0.0"/>
  <testcase name="The hasDayWithoutBirds method returns true if the last day has zero visits" classname="BirdWatcherTest" time="0.0"/>
  <testcase name="The getCountForFirstDays method returns overall count when number of days is higher than array size" classname="BirdWatcherTest" time="0.0"/>
  <system-out><![CDATA[]]></system-out>
  <system-err><![CDATA[]]></system-err>
</testsuite>
